<?xml version="1.0" encoding="UTF-8"?>
<testsuite xmlns:xsi="http://www.w3.org/2001/XMLSchema-instance" xsi:noNamespaceSchemaLocation="https://maven.apache.org/surefire/maven-surefire-plugin/xsd/surefire-test-report.xsd" version="3.0.2" name="com.role.role.repository.RoleRepositoryTest" time="28.45" tests="20" errors="0" skipped="0" failures="0">
  <properties>
[...]
</properties>
  <testcase name="delete_removesRoleRow" classname="com.role.role.repository.RoleRepositoryTest" time="1.791">
    <system-out><![CDATA[2026-09-04T11:46:05.616+07:00  INFO  --- [           main] org.testcontainers.DockerClientFactory   : Testcontainers version: 1.21.2
2026-09-04T11:46:06.507+07:00  INFO  --- [           main] o.t.d.DockerClientProviderStrategy       : Loaded org.testcontainers.dockerclient.UnixSocketClientProviderStrategy from ~/.testcontainers.properties, will try it first
2026-09-04T11:46:07.722+07:00  INFO  --- [           main] o.t.d.DockerClientProviderStrategy       : Found Docker environment with local Unix socket (unix:///var/run/docker.sock)
2026-09-04T11:46:07.729+07:00  INFO  --- [           main] org.testcontainers.DockerClientFactory   : Docker host IP address is localhost
2026-09-04T11:46:07.790+07:00  INFO  --- [           main] org.testcontainers.DockerClientFactory   : Connected to docker: 
  Server Version: 29.7.1
  API Version: 1.55
  Operating System: Linux Mint 22.3
  Total Memory: 19741 MB
2026-09-04T11:46:07.838+07:00  INFO  --- [           main] org.testcontainers.images.PullPolicy     : Image pull policy will be performed by: DefaultPullPolicy()
2026-09-04T11:46:07.845+07:00  INFO  --- [           main] o.t.utility.ImageNameSubstitutor         : Image name substitution will be performed by: DefaultImageNameSubstitutor (composite of 'ConfigurationFileImageNameSubstitutor' and 'PrefixingImageNameSubstitutor')
2026-09-04T11:46:10.499+07:00  INFO  --- [           main] tc.testcontainers/ryuk:0.12.0            : Creating container for image: testcontainers/ryuk:0.12.0
2026-09-04T11:46:10.519+07:00  INFO  --- [           main] o.t.utility.RegistryAuthLocator          : Failure when attempting to lookup auth config. Please ignore if you don't have images in an authenticated registry. Details: (dockerImageName: testcontainers/ryuk:0.12.0, configFile: /home/hoover/.docker/config.json, configEnv: DOCKER_AUTH_CONFIG). Falling back to docker-java default behaviour. Exception message: Status 404: No config supplied. Checked in order: /home/hoover/.docker/config.json (file not found), DOCKER_AUTH_CONFIG (not set)
2026-09-04T11:46:11.005+07:00  INFO  --- [           main] tc.testcontainers/ryuk:0.12.0            : Container testcontainers/ryuk:0.12.0 is starting: 2049300af3a095759c844fc9c630c92e342329dbf61bf9ab7ebdd1d7a0a285ff
2026-09-04T11:46:12.167+07:00  INFO  --- [           main] tc.testcontainers/ryuk:0.12.0            : Container testcontainers/ryuk:0.12.0 started in PT1.668249025S
2026-09-04T11:46:12.198+07:00  INFO  --- [           main] o.t.utility.RyukResourceReaper           : Ryuk started - will monitor and terminate Testcontainers containers on JVM exit
2026-09-04T11:46:12.200+07:00  INFO  --- [           main] org.testcontainers.DockerClientFactory   : Checking the system...
2026-09-04T11:46:12.203+07:00  INFO  --- [           main] org.testcontainers.DockerClientFactory   : ✔︎ Docker server version should be at least 1.6.0
2026-09-04T11:46:12.726+07:00  INFO  --- [           main] t.c.s.AnnotationConfigContextLoaderUtils : Could not detect default configuration classes for test class [com.role.role.repository.RoleRepositoryTest]: RoleRepositoryTest does not declare any static, non-private, non-final, nested classes annotated with @Configuration.
2026-09-04T11:46:13.796+07:00  INFO  --- [           main] .b.t.c.SpringBootTestContextBootstrapper : Found @SpringBootConfiguration com.role.role.RoleServiceApplication for test class com.role.role.repository.RoleRepositoryTest
2026-09-04T11:46:13.924+07:00  INFO  --- [           main] tc.postgres:15-alpine                    : Creating container for image: postgres:15-alpine
2026-09-04T11:46:14.342+07:00  INFO  --- [           main] tc.postgres:15-alpine                    : Container postgres:15-alpine is starting: ed1342ec9081130fe211d35bd0588a20e20e7c5fb5286caafc0877aff28cf39a
2026-09-04T11:46:19.220+07:00  INFO  --- [           main] tc.postgres:15-alpine                    : Container postgres:15-alpine started in PT5.296652607S
2026-09-04T11:46:19.223+07:00  INFO  --- [           main] tc.postgres:15-alpine                    : Container is started (JDBC URL: jdbc:postgresql://localhost:40458/test?loggerLevel=OFF)

  .   ____          _            __ _ _
 /\\ / ___'_ __ _ _(_)_ __  __ _ \ \ \ \
( ( )\___ | '_ | '_| | '_ \/ _` | \ \ \ \
 \\/  ___)| |_)| | | | | || (_| |  ) ) ) )
  '  |____| .__|_| |_|_| |_\__, | / / / /
 =========|_|==============|___/=/_/_/_/

 :: Spring Boot ::                (v3.5.3)

2026-09-04T11:46:21.295+07:00  INFO 2460353 --- [role-service] [           main] c.r.role.repository.RoleRepositoryTest   : Starting RoleRepositoryTest using Java 21.0.12 with PID 2460353 (started by hoover in /home/hoover/Projects/java/quarkus/microservice-grpc/springboot/spring-boot-microservices-pos/role-service)
2026-09-04T11:46:21.343+07:00 DEBUG 2460353 --- [role-service] [           main] c.r.role.repository.RoleRepositoryTest   : Running with Spring Boot v3.5.3, Spring v6.2.8
2026-09-04T11:46:21.346+07:00  INFO 2460353 --- [role-service] [           main] c.r.role.repository.RoleRepositoryTest   : No active profile set, falling back to 1 default profile: "default"
2026-09-04T11:46:23.613+07:00  INFO 2460353 --- [role-service] [           main] .s.d.r.c.RepositoryConfigurationDelegate : Bootstrapping Spring Data JPA repositories in DEFAULT mode.
2026-09-04T11:46:24.205+07:00  INFO 2460353 --- [role-service] [           main] .s.d.r.c.RepositoryConfigurationDelegate : Finished Spring Data repository scanning in 546 ms. Found 2 JPA repository interfaces.
2026-09-04T11:46:26.684+07:00  INFO 2460353 --- [role-service] [           main] org.flywaydb.core.FlywayExecutor         : Database: jdbc:postgresql://localhost:40458/test?loggerLevel=OFF (PostgreSQL 15.19)
2026-09-04T11:46:26.845+07:00  INFO 2460353 --- [role-service] [           main] o.f.c.i.s.JdbcTableSchemaHistory         : Schema history table "public"."flyway_schema_history" does not exist yet
2026-09-04T11:46:26.857+07:00  INFO 2460353 --- [role-service] [           main] o.f.core.internal.command.DbValidate     : Successfully validated 1 migration (execution time 00:00.060s)
2026-09-04T11:46:26.902+07:00  INFO 2460353 --- [role-service] [           main] org.flywaydb.core.Flyway                 : All configured schemas are empty; baseline operation skipped. A baseline or migration script with a lower version than the baseline version may execute if available. Check the Schemas parameter if this is not intended.
2026-09-04T11:46:26.930+07:00  INFO 2460353 --- [role-service] [           main] o.f.c.i.s.JdbcTableSchemaHistory         : Creating Schema History table "public"."flyway_schema_history" ...
2026-09-04T11:46:27.203+07:00  INFO 2460353 --- [role-service] [           main] o.f.core.internal.command.DbMigrate      : Current version of schema "public": << Empty Schema >>
2026-09-04T11:46:27.286+07:00  INFO 2460353 --- [role-service] [           main] o.f.core.internal.command.DbMigrate      : Migrating schema "public" to version "1 - init"
2026-09-04T11:46:27.418+07:00  INFO 2460353 --- [role-service] [           main] o.f.core.internal.command.DbMigrate      : Successfully applied 1 migration to schema "public", now at version v1 (execution time 00:00.069s)
2026-09-04T11:46:27.986+07:00  INFO 2460353 --- [role-service] [           main] o.hibernate.jpa.internal.util.LogHelper  : HHH000204: Processing PersistenceUnitInfo [name: default]
2026-09-04T11:46:28.197+07:00  INFO 2460353 --- [role-service] [           main] org.hibernate.Version                    : HHH000412: Hibernate ORM core version 6.6.18.Final
2026-09-04T11:46:28.347+07:00  INFO 2460353 --- [role-service] [           main] o.h.c.internal.RegionFactoryInitiator    : HHH000026: Second-level cache disabled
2026-09-04T11:46:29.147+07:00  INFO 2460353 --- [role-service] [           main] o.s.o.j.p.SpringPersistenceUnitInfo      : No LoadTimeWeaver setup: ignoring JPA class transformer
2026-09-04T11:46:29.231+07:00  INFO 2460353 --- [role-service] [           main] com.zaxxer.hikari.HikariDataSource       : HikariPool-1 - Starting...
2026-09-04T11:46:29.247+07:00  INFO 2460353 --- [role-service] [           main] com.clickhouse.jdbc.ClickHouseDriver     : ClickHouse JDBC driver version: clickhouse-jdbc 0.7.2 (revision: 33b1fad)
2026-09-04T11:46:29.248+07:00  INFO 2460353 --- [role-service] [           main] com.clickhouse.jdbc.ClickHouseDriver     : v1 driver
2026-09-04T11:46:29.310+07:00  INFO 2460353 --- [role-service] [           main] com.clickhouse.jdbc.ClickHouseDriver     : ClickHouse JDBC driver version: clickhouse-jdbc 0.7.2 (revision: 33b1fad)
2026-09-04T11:46:29.311+07:00  INFO 2460353 --- [role-service] [           main] com.clickhouse.jdbc.ClickHouseDriver     : v1 driver
2026-09-04T11:46:29.335+07:00  INFO 2460353 --- [role-service] [           main] com.clickhouse.jdbc.Driver               : ClickHouse JDBC driver version: 0.7.2-SNAPSHOT
2026-09-04T11:46:29.426+07:00  INFO 2460353 --- [role-service] [           main] com.zaxxer.hikari.pool.HikariPool        : HikariPool-1 - Added connection org.postgresql.jdbc.PgConnection@1c681761
2026-09-04T11:46:29.437+07:00  INFO 2460353 --- [role-service] [           main] com.zaxxer.hikari.HikariDataSource       : HikariPool-1 - Start completed.
2026-09-04T11:46:29.651+07:00  INFO 2460353 --- [role-service] [           main] org.hibernate.orm.connections.pooling    : HHH10001005: Database info:
	Database JDBC URL [Connecting through datasource 'HikariDataSource (HikariPool-1)']
	Database driver: undefined/unknown
	Database version: 15.19
	Autocommit mode: undefined/unknown
	Isolation level: undefined/unknown
	Minimum pool size: undefined/unknown
	Maximum pool size: undefined/unknown
2026-09-04T11:46:32.481+07:00  INFO 2460353 --- [role-service] [           main] o.h.e.t.j.p.i.JtaPlatformInitiator       : HHH000489: No JTA platform available (set 'hibernate.transaction.jta.platform' to enable JTA platform integration)
2026-09-04T11:46:32.618+07:00  INFO 2460353 --- [role-service] [           main] j.LocalContainerEntityManagerFactoryBean : Initialized JPA EntityManagerFactory for persistence unit 'default'
2026-09-04T11:46:33.978+07:00  INFO 2460353 --- [role-service] [           main] o.s.d.j.r.query.QueryEnhancerFactory     : Hibernate is in classpath; If applicable, HQL parser will be used.
2026-09-04T11:46:36.400+07:00  INFO 2460353 --- [role-service] [           main] c.r.role.repository.RoleRepositoryTest   : Started RoleRepositoryTest in 16.547 seconds (process running for 34.227)
Hibernate: 
    insert 
    into
        roles
        (created_at, deleted_at, role_name, updated_at) 
    values
        (?, ?, ?, ?)
Hibernate: 
    delete 
    from
        roles 
    where
        id=?
Hibernate: 
    select
        r1_0.id,
        r1_0.created_at,
        r1_0.deleted_at,
        r1_0.role_name,
        r1_0.updated_at 
    from
        roles r1_0 
    where
        r1_0.id=?
]]></system-out>
    <system-err><![CDATA[Mockito is currently self-attaching to enable the inline-mock-maker. This will no longer work in future releases of the JDK. Please add Mockito as an agent to your build as described in Mockito's documentation: https://javadoc.io/doc/org.mockito/mockito-core/latest/org.mockito/org/mockito/Mockito.html#0.3
WARNING: A Java agent has been loaded dynamically (/home/hoover/.m2/repository/net/bytebuddy/byte-buddy-agent/1.17.6/byte-buddy-agent-1.17.6.jar)
WARNING: If a serviceability tool is in use, please run with -XX:+EnableDynamicAgentLoading to hide this warning
WARNING: If a serviceability tool is not in use, please run with -Djdk.instrument.traceUsage for more information
WARNING: Dynamic loading of agents will be disallowed by default in a future release
]]></system-err>
  </testcase>
  <testcase name="findByUserId_returnsOnlyThatUsersRoles" classname="com.role.role.repository.RoleRepositoryTest" time="0.387">
    <system-out><![CDATA[Hibernate: 
    insert 
    into
        roles
        (created_at, deleted_at, role_name, updated_at) 
    values
        (?, ?, ?, ?)
Hibernate: 
    insert 
    into
        roles
        (created_at, deleted_at, role_name, updated_at) 
    values
        (?, ?, ?, ?)
Hibernate: 
    insert 
    into
        roles
        (created_at, deleted_at, role_name, updated_at) 
    values
        (?, ?, ?, ?)
Hibernate: 
    select
        ur1_0.role_id,
        ur1_0.user_id 
    from
        user_roles ur1_0 
    where
        (
            ur1_0.role_id, ur1_0.user_id
        ) in ((?, ?))
Hibernate: 
    select
        ur1_0.role_id,
        ur1_0.user_id 
    from
        user_roles ur1_0 
    where
        (
            ur1_0.role_id, ur1_0.user_id
        ) in ((?, ?))
Hibernate: 
    select
        ur1_0.role_id,
        ur1_0.user_id 
    from
        user_roles ur1_0 
    where
        (
            ur1_0.role_id, ur1_0.user_id
        ) in ((?, ?))
Hibernate: 
    insert 
    into
        user_roles
        (role_id, user_id) 
    values
        (?, ?)
Hibernate: 
    insert 
    into
        user_roles
        (role_id, user_id) 
    values
        (?, ?)
Hibernate: 
    insert 
    into
        user_roles
        (role_id, user_id) 
    values
        (?, ?)
Hibernate: 
    select
        ur1_0.role_id,
        ur1_0.user_id 
    from
        user_roles ur1_0 
    where
        ur1_0.user_id=?
]]></system-out>
  </testcase>
  <testcase name="save_withSameCompositeKeyDoesNotDuplicateRow" classname="com.role.role.repository.RoleRepositoryTest" time="0.086">
    <system-out><![CDATA[Hibernate: 
    insert 
    into
        roles
        (created_at, deleted_at, role_name, updated_at) 
    values
        (?, ?, ?, ?)
Hibernate: 
    select
        ur1_0.role_id,
        ur1_0.user_id 
    from
        user_roles ur1_0 
    where
        (
            ur1_0.role_id, ur1_0.user_id
        ) in ((?, ?))
Hibernate: 
    insert 
    into
        user_roles
        (role_id, user_id) 
    values
        (?, ?)
Hibernate: 
    select
        ur1_0.role_id,
        ur1_0.user_id 
    from
        user_roles ur1_0 
    where
        ur1_0.user_id=?
Hibernate: 
    select
        ur1_0.role_id,
        ur1_0.user_id 
    from
        user_roles ur1_0 
    where
        ur1_0.user_id=? 
        and ur1_0.role_id=?
]]></system-out>
  </testcase>
  <testcase name="findByRoleName_returnsSavedRole" classname="com.role.role.repository.RoleRepositoryTest" time="0.059">
    <system-out><![CDATA[Hibernate: 
    insert 
    into
        roles
        (created_at, deleted_at, role_name, updated_at) 
    values
        (?, ?, ?, ?)
Hibernate: 
    select
        r1_0.id,
        r1_0.created_at,
        r1_0.deleted_at,
        r1_0.role_name,
        r1_0.updated_at 
    from
        roles r1_0 
    where
        r1_0.role_name=?
]]></system-out>
  </testcase>
  <testcase name="findByUserIdAndRoleId_returnsEmptyWhenPairMissing" classname="com.role.role.repository.RoleRepositoryTest" time="0.052">
    <system-out><![CDATA[Hibernate: 
    insert 
    into
        roles
        (created_at, deleted_at, role_name, updated_at) 
    values
        (?, ?, ?, ?)
Hibernate: 
    select
        ur1_0.role_id,
        ur1_0.user_id 
    from
        user_roles ur1_0 
    where
        (
            ur1_0.role_id, ur1_0.user_id
        ) in ((?, ?))
Hibernate: 
    insert 
    into
        user_roles
        (role_id, user_id) 
    values
        (?, ?)
Hibernate: 
    select
        ur1_0.role_id,
        ur1_0.user_id 
    from
        user_roles ur1_0 
    where
        ur1_0.user_id=? 
        and ur1_0.role_id=?
Hibernate: 
    select
        ur1_0.role_id,
        ur1_0.user_id 
    from
        user_roles ur1_0 
    where
        ur1_0.user_id=? 
        and ur1_0.role_id=?
]]></system-out>
  </testcase>
  <testcase name="save_persistsRoleWithGeneratedIdAndTimestamps" classname="com.role.role.repository.RoleRepositoryTest" time="0.038">
    <system-out><![CDATA[Hibernate: 
    insert 
    into
        roles
        (created_at, deleted_at, role_name, updated_at) 
    values
        (?, ?, ?, ?)
]]></system-out>
  </testcase>
  <testcase name="findByRoleName_returnsSeededRole" classname="com.role.role.repository.RoleRepositoryTest" time="0.039">
    <system-out><![CDATA[Hibernate: 
    select
        r1_0.id,
        r1_0.created_at,
        r1_0.deleted_at,
        r1_0.role_name,
        r1_0.updated_at 
    from
        roles r1_0 
    where
        r1_0.role_name=?
]]></system-out>
  </testcase>
  <testcase name="findByUserId_returnsEmptyForUnknownUser" classname="com.role.role.repository.RoleRepositoryTest" time="0.03">
    <system-out><![CDATA[Hibernate: 
    select
        ur1_0.role_id,
        ur1_0.user_id 
    from
        user_roles ur1_0 
    where
        ur1_0.user_id=?
]]></system-out>
  </testcase>
  <testcase name="findRoleNamesByUserId_returnsEmptyForUnknownUser" classname="com.role.role.repository.RoleRepositoryTest" time="0.074">
    <system-out><![CDATA[Hibernate: 
    select
        r1_0.role_name 
    from
        user_roles ur1_0 
    join
        roles r1_0 
            on r1_0.id=ur1_0.role_id 
    where
        ur1_0.user_id=?
]]></system-out>
  </testcase>
  <testcase name="findByRoleName_returnsEmptyForUnknownName" classname="com.role.role.repository.RoleRepositoryTest" time="0.035">
    <system-out><![CDATA[Hibernate: 
    select
        r1_0.id,
        r1_0.created_at,
        r1_0.deleted_at,
        r1_0.role_name,
        r1_0.updated_at 
    from
        roles r1_0 
    where
        r1_0.role_name=?
]]></system-out>
  </testcase>
  <testcase name="deleteByCompositeKey_removesRow" classname="com.role.role.repository.RoleRepositoryTest" time="0.069">
    <system-out><![CDATA[Hibernate: 
    insert 
    into
        roles
        (created_at, deleted_at, role_name, updated_at) 
    values
        (?, ?, ?, ?)
Hibernate: 
    select
        ur1_0.role_id,
        ur1_0.user_id 
    from
        user_roles ur1_0 
    where
        (
            ur1_0.role_id, ur1_0.user_id
        ) in ((?, ?))
Hibernate: 
    insert 
    into
        user_roles
        (role_id, user_id) 
    values
        (?, ?)
Hibernate: 
    delete 
    from
        user_roles 
    where
        role_id=? 
        and user_id=?
Hibernate: 
    select
        ur1_0.role_id,
        ur1_0.user_id 
    from
        user_roles ur1_0 
    where
        (
            ur1_0.role_id, ur1_0.user_id
        ) in ((?, ?))
]]></system-out>
  </testcase>
  <testcase name="findRoleNamesByUserId_joinsRoleTable" classname="com.role.role.repository.RoleRepositoryTest" time="0.086">
    <system-out><![CDATA[Hibernate: 
    insert 
    into
        roles
        (created_at, deleted_at, role_name, updated_at) 
    values
        (?, ?, ?, ?)
Hibernate: 
    select
        r1_0.id,
        r1_0.created_at,
        r1_0.deleted_at,
        r1_0.role_name,
        r1_0.updated_at 
    from
        roles r1_0 
    where
        r1_0.role_name=?
Hibernate: 
    select
        ur1_0.role_id,
        ur1_0.user_id 
    from
        user_roles ur1_0 
    where
        (
            ur1_0.role_id, ur1_0.user_id
        ) in ((?, ?))
Hibernate: 
    select
        ur1_0.role_id,
        ur1_0.user_id 
    from
        user_roles ur1_0 
    where
        (
            ur1_0.role_id, ur1_0.user_id
        ) in ((?, ?))
Hibernate: 
    insert 
    into
        user_roles
        (role_id, user_id) 
    values
        (?, ?)
Hibernate: 
    insert 
    into
        user_roles
        (role_id, user_id) 
    values
        (?, ?)
Hibernate: 
    select
        r1_0.role_name 
    from
        user_roles ur1_0 
    join
        roles r1_0 
            on r1_0.id=ur1_0.role_id 
    where
        ur1_0.user_id=?
]]></system-out>
  </testcase>
  <testcase name="findAll_containsMigrationSeedRoles" classname="com.role.role.repository.RoleRepositoryTest" time="0.038">
    <system-out><![CDATA[Hibernate: 
    select
        r1_0.id,
        r1_0.created_at,
        r1_0.deleted_at,
        r1_0.role_name,
        r1_0.updated_at 
    from
        roles r1_0
]]></system-out>
  </testcase>
  <testcase name="findById_returnsEmptyWhenCompositeKeyMissing" classname="com.role.role.repository.RoleRepositoryTest" time="0.032">
    <system-out><![CDATA[Hibernate: 
    select
        ur1_0.role_id,
        ur1_0.user_id 
    from
        user_roles ur1_0 
    where
        (
            ur1_0.role_id, ur1_0.user_id
        ) in ((?, ?))
]]></system-out>
  </testcase>
  <testcase name="save_persistsUserRoleWithCompositeKey" classname="com.role.role.repository.RoleRepositoryTest" time="0.035">
    <system-out><![CDATA[Hibernate: 
    insert 
    into
        roles
        (created_at, deleted_at, role_name, updated_at) 
    values
        (?, ?, ?, ?)
Hibernate: 
    select
        ur1_0.role_id,
        ur1_0.user_id 
    from
        user_roles ur1_0 
    where
        (
            ur1_0.role_id, ur1_0.user_id
        ) in ((?, ?))
]]></system-out>
  </testcase>
  <testcase name="findByRoleId_returnsAllUsersWithThatRole" classname="com.role.role.repository.RoleRepositoryTest" time="0.062">
    <system-out><![CDATA[Hibernate: 
    insert 
    into
        roles
        (created_at, deleted_at, role_name, updated_at) 
    values
        (?, ?, ?, ?)
Hibernate: 
    select
        ur1_0.role_id,
        ur1_0.user_id 
    from
        user_roles ur1_0 
    where
        (
            ur1_0.role_id, ur1_0.user_id
        ) in ((?, ?))
Hibernate: 
    select
        ur1_0.role_id,
        ur1_0.user_id 
    from
        user_roles ur1_0 
    where
        (
            ur1_0.role_id, ur1_0.user_id
        ) in ((?, ?))
Hibernate: 
    insert 
    into
        user_roles
        (role_id, user_id) 
    values
        (?, ?)
Hibernate: 
    insert 
    into
        user_roles
        (role_id, user_id) 
    values
        (?, ?)
Hibernate: 
    select
        ur1_0.role_id,
        ur1_0.user_id 
    from
        user_roles ur1_0 
    where
        ur1_0.role_id=?
]]></system-out>
  </testcase>
  <testcase name="update_touchesUpdatedAtViaPreUpdate" classname="com.role.role.repository.RoleRepositoryTest" time="0.062">
    <system-out><![CDATA[Hibernate: 
    insert 
    into
        roles
        (created_at, deleted_at, role_name, updated_at) 
    values
        (?, ?, ?, ?)
Hibernate: 
    update
        roles 
    set
        deleted_at=?,
        role_name=?,
        updated_at=? 
    where
        id=?
]]></system-out>
  </testcase>
  <testcase name="findById_returnsEmptyWhenMissing" classname="com.role.role.repository.RoleRepositoryTest" time="0.022">
    <system-out><![CDATA[Hibernate: 
    select
        r1_0.id,
        r1_0.created_at,
        r1_0.deleted_at,
        r1_0.role_name,
        r1_0.updated_at 
    from
        roles r1_0 
    where
        r1_0.id=?
]]></system-out>
  </testcase>
  <testcase name="findByUserIdAndRoleId_returnsMatch" classname="com.role.role.repository.RoleRepositoryTest" time="0.052">
    <system-out><![CDATA[Hibernate: 
    insert 
    into
        roles
        (created_at, deleted_at, role_name, updated_at) 
    values
        (?, ?, ?, ?)
Hibernate: 
    select
        ur1_0.role_id,
        ur1_0.user_id 
    from
        user_roles ur1_0 
    where
        (
            ur1_0.role_id, ur1_0.user_id
        ) in ((?, ?))
Hibernate: 
    insert 
    into
        user_roles
        (role_id, user_id) 
    values
        (?, ?)
Hibernate: 
    select
        ur1_0.role_id,
        ur1_0.user_id 
    from
        user_roles ur1_0 
    where
        ur1_0.user_id=? 
        and ur1_0.role_id=?
]]></system-out>
  </testcase>
  <testcase name="findById_returnsSavedRole" classname="com.role.role.repository.RoleRepositoryTest" time="0.03">
    <system-out><![CDATA[Hibernate: 
    insert 
    into
        roles
        (created_at, deleted_at, role_name, updated_at) 
    values
        (?, ?, ?, ?)
]]></system-out>
  </testcase>
</testsuite>