<?xml version="1.0" encoding="UTF-8"?>
<testsuite xmlns:xsi="http://www.w3.org/2001/XMLSchema-instance" xsi:noNamespaceSchemaLocation="https://maven.apache.org/surefire/maven-surefire-plugin/xsd/surefire-test-report.xsd" version="3.0.2" name="com.common.seed.PasswordUtilTest" time="1.835" tests="4" errors="0" skipped="0" failures="0">
  <properties>
[...]
</properties>
  <testcase name="matches_returnsTrueForOriginalRawPassword" classname="com.common.seed.PasswordUtilTest" time="0.587"/>
  <testcase name="matches_returnsFalseForWrongPassword" classname="com.common.seed.PasswordUtilTest" time="0.456"/>
  <testcase name="hashPassword_returnsBcryptHashDifferentFromRaw" classname="com.common.seed.PasswordUtilTest" time="0.216"/>
  <testcase name="hashPassword_producesDifferentHashesForSameRaw" classname="com.common.seed.PasswordUtilTest" time="0.56"/>
</testsuite>