<?xml version="1.0" encoding="UTF-8"?>
<testsuite xmlns:xsi="http://www.w3.org/2001/XMLSchema-instance" xsi:noNamespaceSchemaLocation="https://maven.apache.org/surefire/maven-surefire-plugin/xsd/surefire-test-report.xsd" version="3.0.2" name="com.cashier.cashier.controller.CashierControllerTest" time="4.472" tests="14" errors="0" skipped="0" failures="0">
  <properties>
[...]
</properties>
  <testcase name="createCashier_returns400WhenMerchantIdNull" classname="com.cashier.cashier.controller.CashierControllerTest" time="2.761">
    <system-out><![CDATA[2026-09-04T11:47:49.889+07:00  INFO 2461826 --- [cashier-service] [           main] o.s.mock.web.MockServletContext          : Initializing Spring TestDispatcherServlet ''
2026-09-04T11:47:49.891+07:00  INFO 2461826 --- [cashier-service] [           main] o.s.t.web.servlet.TestDispatcherServlet  : Initializing Servlet ''
2026-09-04T11:47:49.917+07:00  INFO 2461826 --- [cashier-service] [           main] o.s.t.web.servlet.TestDispatcherServlet  : Completed initialization in 9 ms
2026-09-04T11:47:50.772+07:00  WARN 2461826 --- [cashier-service] [           main] .w.s.m.s.DefaultHandlerExceptionResolver : Resolved [org.springframework.web.bind.MethodArgumentNotValidException: Validation failed for argument [0] in public org.springframework.http.ResponseEntity<?> com.cashier.cashier.controller.CashierController.createCashier(com.cashier.cashier.dto.CashierRequest): [Field error in object 'cashierRequest' on field 'merchantId': rejected value [null]; codes [NotNull.cashierRequest.merchantId,NotNull.merchantId,NotNull.java.lang.Long,NotNull]; arguments [org.springframework.context.support.DefaultMessageSourceResolvable: codes [cashierRequest.merchantId,merchantId]; arguments []; default message [merchantId]]; default message [Merchant ID is required]] ]
]]></system-out>
  </testcase>
  <testcase name="updateCashier_returns404WhenNotFound" classname="com.cashier.cashier.controller.CashierControllerTest" time="0.341">
    <system-out><![CDATA[2026-09-04T11:47:51.014+07:00  INFO 2461826 --- [cashier-service] [           main] o.s.mock.web.MockServletContext          : Initializing Spring TestDispatcherServlet ''
2026-09-04T11:47:51.015+07:00  INFO 2461826 --- [cashier-service] [           main] o.s.t.web.servlet.TestDispatcherServlet  : Initializing Servlet ''
2026-09-04T11:47:51.017+07:00  INFO 2461826 --- [cashier-service] [           main] o.s.t.web.servlet.TestDispatcherServlet  : Completed initialization in 1 ms
]]></system-out>
  </testcase>
  <testcase name="createCashier_returns500WhenServiceFails" classname="com.cashier.cashier.controller.CashierControllerTest" time="0.338">
    <system-out><![CDATA[2026-09-04T11:47:51.345+07:00  INFO 2461826 --- [cashier-service] [           main] o.s.mock.web.MockServletContext          : Initializing Spring TestDispatcherServlet ''
2026-09-04T11:47:51.349+07:00  INFO 2461826 --- [cashier-service] [           main] o.s.t.web.servlet.TestDispatcherServlet  : Initializing Servlet ''
2026-09-04T11:47:51.353+07:00  INFO 2461826 --- [cashier-service] [           main] o.s.t.web.servlet.TestDispatcherServlet  : Completed initialization in 0 ms
]]></system-out>
  </testcase>
  <testcase name="createCashier_returnsCreatedResponse" classname="com.cashier.cashier.controller.CashierControllerTest" time="0.15">
    <system-out><![CDATA[2026-09-04T11:47:51.661+07:00  INFO 2461826 --- [cashier-service] [           main] o.s.mock.web.MockServletContext          : Initializing Spring TestDispatcherServlet ''
2026-09-04T11:47:51.663+07:00  INFO 2461826 --- [cashier-service] [           main] o.s.t.web.servlet.TestDispatcherServlet  : Initializing Servlet ''
2026-09-04T11:47:51.668+07:00  INFO 2461826 --- [cashier-service] [           main] o.s.t.web.servlet.TestDispatcherServlet  : Completed initialization in 4 ms
]]></system-out>
  </testcase>
  <testcase name="getCashierById_returns404WhenNotFound" classname="com.cashier.cashier.controller.CashierControllerTest" time="0.068">
    <system-out><![CDATA[2026-09-04T11:47:51.809+07:00  INFO 2461826 --- [cashier-service] [           main] o.s.mock.web.MockServletContext          : Initializing Spring TestDispatcherServlet ''
2026-09-04T11:47:51.810+07:00  INFO 2461826 --- [cashier-service] [           main] o.s.t.web.servlet.TestDispatcherServlet  : Initializing Servlet ''
2026-09-04T11:47:51.811+07:00  INFO 2461826 --- [cashier-service] [           main] o.s.t.web.servlet.TestDispatcherServlet  : Completed initialization in 0 ms
]]></system-out>
  </testcase>
  <testcase name="getCashiersByMerchantId_returnsMappedList" classname="com.cashier.cashier.controller.CashierControllerTest" time="0.099">
    <system-out><![CDATA[2026-09-04T11:47:51.892+07:00  INFO 2461826 --- [cashier-service] [           main] o.s.mock.web.MockServletContext          : Initializing Spring TestDispatcherServlet ''
2026-09-04T11:47:51.893+07:00  INFO 2461826 --- [cashier-service] [           main] o.s.t.web.servlet.TestDispatcherServlet  : Initializing Servlet ''
2026-09-04T11:47:51.895+07:00  INFO 2461826 --- [cashier-service] [           main] o.s.t.web.servlet.TestDispatcherServlet  : Completed initialization in 1 ms
]]></system-out>
  </testcase>
  <testcase name="getCashierById_returnsResponse" classname="com.cashier.cashier.controller.CashierControllerTest" time="0.071">
    <system-out><![CDATA[2026-09-04T11:47:51.986+07:00  INFO 2461826 --- [cashier-service] [           main] o.s.mock.web.MockServletContext          : Initializing Spring TestDispatcherServlet ''
2026-09-04T11:47:51.988+07:00  INFO 2461826 --- [cashier-service] [           main] o.s.t.web.servlet.TestDispatcherServlet  : Initializing Servlet ''
2026-09-04T11:47:51.989+07:00  INFO 2461826 --- [cashier-service] [           main] o.s.t.web.servlet.TestDispatcherServlet  : Completed initialization in 1 ms
]]></system-out>
  </testcase>
  <testcase name="responseContainsTimestamps" classname="com.cashier.cashier.controller.CashierControllerTest" time="0.068">
    <system-out><![CDATA[2026-09-04T11:47:52.058+07:00  INFO 2461826 --- [cashier-service] [           main] o.s.mock.web.MockServletContext          : Initializing Spring TestDispatcherServlet ''
2026-09-04T11:47:52.059+07:00  INFO 2461826 --- [cashier-service] [           main] o.s.t.web.servlet.TestDispatcherServlet  : Initializing Servlet ''
2026-09-04T11:47:52.060+07:00  INFO 2461826 --- [cashier-service] [           main] o.s.t.web.servlet.TestDispatcherServlet  : Completed initialization in 0 ms
]]></system-out>
  </testcase>
  <testcase name="createCashier_returns400WhenNameBlank" classname="com.cashier.cashier.controller.CashierControllerTest" time="0.09">
    <system-out><![CDATA[2026-09-04T11:47:52.130+07:00  INFO 2461826 --- [cashier-service] [           main] o.s.mock.web.MockServletContext          : Initializing Spring TestDispatcherServlet ''
2026-09-04T11:47:52.131+07:00  INFO 2461826 --- [cashier-service] [           main] o.s.t.web.servlet.TestDispatcherServlet  : Initializing Servlet ''
2026-09-04T11:47:52.132+07:00  INFO 2461826 --- [cashier-service] [           main] o.s.t.web.servlet.TestDispatcherServlet  : Completed initialization in 0 ms
2026-09-04T11:47:52.167+07:00  WARN 2461826 --- [cashier-service] [           main] .w.s.m.s.DefaultHandlerExceptionResolver : Resolved [org.springframework.web.bind.MethodArgumentNotValidException: Validation failed for argument [0] in public org.springframework.http.ResponseEntity<?> com.cashier.cashier.controller.CashierController.createCashier(com.cashier.cashier.dto.CashierRequest): [Field error in object 'cashierRequest' on field 'name': rejected value [ ]; codes [NotBlank.cashierRequest.name,NotBlank.name,NotBlank.java.lang.String,NotBlank]; arguments [org.springframework.context.support.DefaultMessageSourceResolvable: codes [cashierRequest.name,name]; arguments []; default message [name]]; default message [Cashier name is required]] ]
]]></system-out>
  </testcase>
  <testcase name="deleteCashier_returnsSuccessMessage" classname="com.cashier.cashier.controller.CashierControllerTest" time="0.06">
    <system-out><![CDATA[2026-09-04T11:47:52.216+07:00  INFO 2461826 --- [cashier-service] [           main] o.s.mock.web.MockServletContext          : Initializing Spring TestDispatcherServlet ''
2026-09-04T11:47:52.217+07:00  INFO 2461826 --- [cashier-service] [           main] o.s.t.web.servlet.TestDispatcherServlet  : Initializing Servlet ''
2026-09-04T11:47:52.219+07:00  INFO 2461826 --- [cashier-service] [           main] o.s.t.web.servlet.TestDispatcherServlet  : Completed initialization in 0 ms
]]></system-out>
  </testcase>
  <testcase name="deleteCashier_returns404WhenNotFound" classname="com.cashier.cashier.controller.CashierControllerTest" time="0.057">
    <system-out><![CDATA[2026-09-04T11:47:52.279+07:00  INFO 2461826 --- [cashier-service] [           main] o.s.mock.web.MockServletContext          : Initializing Spring TestDispatcherServlet ''
2026-09-04T11:47:52.280+07:00  INFO 2461826 --- [cashier-service] [           main] o.s.t.web.servlet.TestDispatcherServlet  : Initializing Servlet ''
2026-09-04T11:47:52.281+07:00  INFO 2461826 --- [cashier-service] [           main] o.s.t.web.servlet.TestDispatcherServlet  : Completed initialization in 0 ms
]]></system-out>
  </testcase>
  <testcase name="getAllCashiers_returnsMappedList" classname="com.cashier.cashier.controller.CashierControllerTest" time="0.063">
    <system-out><![CDATA[2026-09-04T11:47:52.342+07:00  INFO 2461826 --- [cashier-service] [           main] o.s.mock.web.MockServletContext          : Initializing Spring TestDispatcherServlet ''
2026-09-04T11:47:52.342+07:00  INFO 2461826 --- [cashier-service] [           main] o.s.t.web.servlet.TestDispatcherServlet  : Initializing Servlet ''
2026-09-04T11:47:52.344+07:00  INFO 2461826 --- [cashier-service] [           main] o.s.t.web.servlet.TestDispatcherServlet  : Completed initialization in 1 ms
]]></system-out>
  </testcase>
  <testcase name="updateCashier_returnsUpdatedResponse" classname="com.cashier.cashier.controller.CashierControllerTest" time="0.111">
    <system-out><![CDATA[2026-09-04T11:47:52.403+07:00  INFO 2461826 --- [cashier-service] [           main] o.s.mock.web.MockServletContext          : Initializing Spring TestDispatcherServlet ''
2026-09-04T11:47:52.405+07:00  INFO 2461826 --- [cashier-service] [           main] o.s.t.web.servlet.TestDispatcherServlet  : Initializing Servlet ''
2026-09-04T11:47:52.407+07:00  INFO 2461826 --- [cashier-service] [           main] o.s.t.web.servlet.TestDispatcherServlet  : Completed initialization in 0 ms
]]></system-out>
  </testcase>
  <testcase name="getAllCashiers_returnsEmptyListWhenNone" classname="com.cashier.cashier.controller.CashierControllerTest" time="0.126">
    <system-out><![CDATA[2026-09-04T11:47:52.561+07:00  INFO 2461826 --- [cashier-service] [           main] o.s.mock.web.MockServletContext          : Initializing Spring TestDispatcherServlet ''
2026-09-04T11:47:52.565+07:00  INFO 2461826 --- [cashier-service] [           main] o.s.t.web.servlet.TestDispatcherServlet  : Initializing Servlet ''
2026-09-04T11:47:52.567+07:00  INFO 2461826 --- [cashier-service] [           main] o.s.t.web.servlet.TestDispatcherServlet  : Completed initialization in 1 ms
]]></system-out>
  </testcase>
</testsuite>